<?xml version="1.0" encoding="UTF-8"?>
<!-- Generated by org.testng.reporters.JUnitReportReporter -->
<testsuite hostname="DESKTOP-2669T9S" failures="0" tests="3" name="com.automation.test.UsermenuDropDownTest" time="246.437" errors="0" timestamp="2026-04-19T22:42:35 CDT" skipped="0">
  <testcase classname="com.automation.test.UsermenuDropDownTest" name="Testcase5" time="78.323"/>
  <testcase classname="com.automation.test.UsermenuDropDownTest" name="Testcase9" time="84.864"/>
  <testcase classname="com.automation.test.UsermenuDropDownTest" name="Testcase8" time="83.250"/>
</testsuite> <!-- com.automation.test.UsermenuDropDownTest -->
