<?xml version="1.0" encoding="UTF-8"?>
<!-- Generated by org.testng.reporters.JUnitReportReporter -->
<testsuite hostname="DESKTOP-2669T9S" failures="0" tests="3" name="example.Log4jTest1" time="0.017" errors="0" timestamp="2026-04-16T08:33:15 CDT" skipped="0">
  <testcase classname="example.Log4jTest1" name="test1" time="0.015"/>
  <testcase classname="example.Log4jTest1" name="test3" time="0.001"/>
  <testcase classname="example.Log4jTest1" name="test2" time="0.001"/>
</testsuite> <!-- example.Log4jTest1 -->
